<?xml version="1.0" encoding="UTF-8"?>
<coverage generated="1531416504459" clover="3.2.0">
  <project timestamp="1531416504459" name="All files">
    <metrics statements="9" coveredstatements="9" conditionals="0" coveredconditionals="0" methods="7" coveredmethods="7" elements="16" coveredelements="16" complexity="0" loc="9" ncloc="9" packages="3" files="7" classes="7">
      <package name="components">
        <metrics statements="4" coveredstatements="4" conditionals="0" coveredconditionals="0" methods="2" coveredmethods="2"/>
        <file name="App.js" path="/Users/learningfacilitator/sandbox/react-reduxt-starter-kit/client/src/components/App.js">
          <metrics statements="1" coveredstatements="1" conditionals="0" coveredconditionals="0" methods="1" coveredmethods="1"/>
          <line num="14" count="2" type="stmt"/>
        </file>
        <file name="Layout.js" path="/Users/learningfacilitator/sandbox/react-reduxt-starter-kit/client/src/components/Layout.js">
          <metrics statements="3" coveredstatements="3" conditionals="0" coveredconditionals="0" methods="1" coveredmethods="1"/>
          <line num="8" count="2" type="stmt"/>
          <line num="10" count="2" type="stmt"/>
          <line num="20" count="1" type="stmt"/>
        </file>
      </package>
      <package name="components.common">
        <metrics statements="2" coveredstatements="2" conditionals="0" coveredconditionals="0" methods="2" coveredmethods="2"/>
        <file name="Footer.js" path="/Users/learningfacilitator/sandbox/react-reduxt-starter-kit/client/src/components/common/Footer.js">
          <metrics statements="1" coveredstatements="1" conditionals="0" coveredconditionals="0" methods="1" coveredmethods="1"/>
          <line num="5" count="2" type="stmt"/>
        </file>
        <file name="Header.js" path="/Users/learningfacilitator/sandbox/react-reduxt-starter-kit/client/src/components/common/Header.js">
          <metrics statements="1" coveredstatements="1" conditionals="0" coveredconditionals="0" methods="1" coveredmethods="1"/>
          <line num="6" count="2" type="stmt"/>
        </file>
      </package>
      <package name="components.pages">
        <metrics statements="3" coveredstatements="3" conditionals="0" coveredconditionals="0" methods="3" coveredmethods="3"/>
        <file name="About.js" path="/Users/learningfacilitator/sandbox/react-reduxt-starter-kit/client/src/components/pages/About.js">
          <metrics statements="1" coveredstatements="1" conditionals="0" coveredconditionals="0" methods="1" coveredmethods="1"/>
          <line num="5" count="1" type="stmt"/>
        </file>
        <file name="Home.js" path="/Users/learningfacilitator/sandbox/react-reduxt-starter-kit/client/src/components/pages/Home.js">
          <metrics statements="1" coveredstatements="1" conditionals="0" coveredconditionals="0" methods="1" coveredmethods="1"/>
          <line num="5" count="1" type="stmt"/>
        </file>
        <file name="NotFound.js" path="/Users/learningfacilitator/sandbox/react-reduxt-starter-kit/client/src/components/pages/NotFound.js">
          <metrics statements="1" coveredstatements="1" conditionals="0" coveredconditionals="0" methods="1" coveredmethods="1"/>
          <line num="5" count="1" type="stmt"/>
        </file>
      </package>
    </metrics>
  </project>
</coverage>
