{"/Users/learningfacilitator/sandbox/react-reduxt-starter-kit/client/src/components/App.js": {"path":"/Users/learningfacilitator/sandbox/react-reduxt-starter-kit/client/src/components/App.js","statementMap":{"0":{"start":{"line":14,"column":4},"end":{"line":24,"column":6}}},"fnMap":{"0":{"name":"(anonymous_0)","decl":{"start":{"line":13,"column":2},"end":{"line":13,"column":3}},"loc":{"start":{"line":13,"column":11},"end":{"line":25,"column":3}},"line":13}},"branchMap":{},"s":{"0":2},"f":{"0":2},"b":{},"_coverageSchema":"332fd63041d2c1bcb487cc26dd0d5f7d97098a6c","hash":"74ce50261011ef3788c448b77f8e8356334a992c"}
,"/Users/learningfacilitator/sandbox/react-reduxt-starter-kit/client/src/components/Layout.js": {"path":"/Users/learningfacilitator/sandbox/react-reduxt-starter-kit/client/src/components/Layout.js","statementMap":{"0":{"start":{"line":8,"column":15},"end":{"line":18,"column":2}},"1":{"start":{"line":8,"column":25},"end":{"line":18,"column":1}},"2":{"start":{"line":10,"column":4},"end":{"line":16,"column":6}},"3":{"start":{"line":20,"column":0},"end":{"line":22,"column":2}}},"fnMap":{"0":{"name":"(anonymous_0)","decl":{"start":{"line":8,"column":15},"end":{"line":8,"column":16}},"loc":{"start":{"line":8,"column":25},"end":{"line":18,"column":1}},"line":8}},"branchMap":{},"s":{"0":1,"1":2,"2":2,"3":1},"f":{"0":2},"b":{},"_coverageSchema":"332fd63041d2c1bcb487cc26dd0d5f7d97098a6c","hash":"b8345722a9a2ac12c16b25a0708045b3864ce478"}
,"/Users/learningfacilitator/sandbox/react-reduxt-starter-kit/client/src/components/common/Footer.js": {"path":"/Users/learningfacilitator/sandbox/react-reduxt-starter-kit/client/src/components/common/Footer.js","statementMap":{"0":{"start":{"line":5,"column":4},"end":{"line":11,"column":6}}},"fnMap":{"0":{"name":"(anonymous_0)","decl":{"start":{"line":4,"column":2},"end":{"line":4,"column":3}},"loc":{"start":{"line":4,"column":11},"end":{"line":12,"column":3}},"line":4}},"branchMap":{},"s":{"0":2},"f":{"0":2},"b":{},"_coverageSchema":"332fd63041d2c1bcb487cc26dd0d5f7d97098a6c","hash":"77596df7d036bea0efa365cbc7483f638250c936"}
,"/Users/learningfacilitator/sandbox/react-reduxt-starter-kit/client/src/components/common/Header.js": {"path":"/Users/learningfacilitator/sandbox/react-reduxt-starter-kit/client/src/components/common/Header.js","statementMap":{"0":{"start":{"line":6,"column":4},"end":{"line":30,"column":6}}},"fnMap":{"0":{"name":"(anonymous_0)","decl":{"start":{"line":5,"column":2},"end":{"line":5,"column":3}},"loc":{"start":{"line":5,"column":11},"end":{"line":31,"column":3}},"line":5}},"branchMap":{},"s":{"0":2},"f":{"0":2},"b":{},"_coverageSchema":"332fd63041d2c1bcb487cc26dd0d5f7d97098a6c","hash":"d7979b7d500076b63be6414e4bb98cfce175a663"}
,"/Users/learningfacilitator/sandbox/react-reduxt-starter-kit/client/src/components/pages/About.js": {"path":"/Users/learningfacilitator/sandbox/react-reduxt-starter-kit/client/src/components/pages/About.js","statementMap":{"0":{"start":{"line":5,"column":4},"end":{"line":9,"column":6}}},"fnMap":{"0":{"name":"(anonymous_0)","decl":{"start":{"line":4,"column":2},"end":{"line":4,"column":3}},"loc":{"start":{"line":4,"column":11},"end":{"line":10,"column":3}},"line":4}},"branchMap":{},"s":{"0":1},"f":{"0":1},"b":{},"_coverageSchema":"332fd63041d2c1bcb487cc26dd0d5f7d97098a6c","hash":"713e7c5526c4220fee7b8db7f6a1f38b7f984f25"}
,"/Users/learningfacilitator/sandbox/react-reduxt-starter-kit/client/src/components/pages/Home.js": {"path":"/Users/learningfacilitator/sandbox/react-reduxt-starter-kit/client/src/components/pages/Home.js","statementMap":{"0":{"start":{"line":5,"column":4},"end":{"line":9,"column":6}}},"fnMap":{"0":{"name":"(anonymous_0)","decl":{"start":{"line":4,"column":2},"end":{"line":4,"column":3}},"loc":{"start":{"line":4,"column":11},"end":{"line":10,"column":3}},"line":4}},"branchMap":{},"s":{"0":1},"f":{"0":1},"b":{},"_coverageSchema":"332fd63041d2c1bcb487cc26dd0d5f7d97098a6c","hash":"aa0ef31eb616d4cf5e6ccf857a65edc1841b5251"}
,"/Users/learningfacilitator/sandbox/react-reduxt-starter-kit/client/src/components/pages/NotFound.js": {"path":"/Users/learningfacilitator/sandbox/react-reduxt-starter-kit/client/src/components/pages/NotFound.js","statementMap":{"0":{"start":{"line":5,"column":4},"end":{"line":9,"column":6}}},"fnMap":{"0":{"name":"(anonymous_0)","decl":{"start":{"line":4,"column":2},"end":{"line":4,"column":3}},"loc":{"start":{"line":4,"column":11},"end":{"line":10,"column":3}},"line":4}},"branchMap":{},"s":{"0":1},"f":{"0":1},"b":{},"_coverageSchema":"332fd63041d2c1bcb487cc26dd0d5f7d97098a6c","hash":"88875bd0a31d33af54b6dcb37c698245d6e7a2f2"}
}
