TN:
SF:/Users/learningfacilitator/sandbox/react-reduxt-starter-kit/client/src/components/App.js
FN:13,(anonymous_0)
FNF:1
FNH:1
FNDA:2,(anonymous_0)
DA:14,2
LF:1
LH:1
BRF:0
BRH:0
end_of_record
TN:
SF:/Users/learningfacilitator/sandbox/react-reduxt-starter-kit/client/src/components/Layout.js
FN:8,(anonymous_0)
FNF:1
FNH:1
FNDA:2,(anonymous_0)
DA:8,2
DA:10,2
DA:20,1
LF:3
LH:3
BRF:0
BRH:0
end_of_record
TN:
SF:/Users/learningfacilitator/sandbox/react-reduxt-starter-kit/client/src/components/common/Footer.js
FN:4,(anonymous_0)
FNF:1
FNH:1
FNDA:2,(anonymous_0)
DA:5,2
LF:1
LH:1
BRF:0
BRH:0
end_of_record
TN:
SF:/Users/learningfacilitator/sandbox/react-reduxt-starter-kit/client/src/components/common/Header.js
FN:5,(anonymous_0)
FNF:1
FNH:1
FNDA:2,(anonymous_0)
DA:6,2
LF:1
LH:1
BRF:0
BRH:0
end_of_record
TN:
SF:/Users/learningfacilitator/sandbox/react-reduxt-starter-kit/client/src/components/pages/About.js
FN:4,(anonymous_0)
FNF:1
FNH:1
FNDA:1,(anonymous_0)
DA:5,1
LF:1
LH:1
BRF:0
BRH:0
end_of_record
TN:
SF:/Users/learningfacilitator/sandbox/react-reduxt-starter-kit/client/src/components/pages/Home.js
FN:4,(anonymous_0)
FNF:1
FNH:1
FNDA:1,(anonymous_0)
DA:5,1
LF:1
LH:1
BRF:0
BRH:0
end_of_record
TN:
SF:/Users/learningfacilitator/sandbox/react-reduxt-starter-kit/client/src/components/pages/NotFound.js
FN:4,(anonymous_0)
FNF:1
FNH:1
FNDA:1,(anonymous_0)
DA:5,1
LF:1
LH:1
BRF:0
BRH:0
end_of_record
