TN:
SF:/Users/learningfacilitator/sandbox/react-reduxt-starter-kit/server/index.js
FN:29,(anonymous_1)
FNF:1
FNH:1
FNDA:2,(anonymous_1)
DA:1,1
DA:2,1
DA:3,1
DA:4,1
DA:5,1
DA:6,1
DA:8,1
DA:9,1
DA:11,1
DA:13,1
DA:15,1
DA:16,1
DA:18,1
DA:20,1
DA:21,1
DA:29,1
DA:30,2
DA:33,1
DA:35,1
DA:37,1
DA:39,1
LF:21
LH:21
BRDA:13,0,0,1
BRDA:13,0,1,1
BRF:2
BRH:2
end_of_record
TN:
SF:/Users/learningfacilitator/sandbox/react-reduxt-starter-kit/server/config/database.js
FNF:0
FNH:0
DA:1,1
DA:3,1
DA:5,1
DA:7,1
LF:4
LH:4
BRF:0
BRH:0
end_of_record
TN:
SF:/Users/learningfacilitator/sandbox/react-reduxt-starter-kit/server/controllers/records.js
FN:3,getAll
FN:5,(anonymous_2)
FNF:2
FNH:0
FNDA:0,getAll
FNDA:0,(anonymous_2)
DA:1,1
DA:3,1
DA:5,0
DA:6,0
LF:4
LH:2
BRF:0
BRH:0
end_of_record
TN:
SF:/Users/learningfacilitator/sandbox/react-reduxt-starter-kit/server/models/Record.js
FNF:0
FNH:0
DA:1,1
DA:3,1
DA:11,1
DA:13,1
LF:4
LH:4
BRF:0
BRH:0
end_of_record
TN:
SF:/Users/learningfacilitator/sandbox/react-reduxt-starter-kit/server/routes/index.js
FNF:0
FNH:0
DA:1,1
DA:2,1
DA:4,1
DA:6,1
DA:8,1
LF:5
LH:5
BRF:0
BRH:0
end_of_record
